<?xml version="1.0" encoding="UTF-8"?>
<testng-results skipped="0" failed="0" ignored="0" total="1" passed="1">
  <reporter-output>
  </reporter-output>
  <suite name="Default suite" duration-ms="1563" started-at="2021-07-03T18:10:17Z" finished-at="2021-07-03T18:10:19Z">
    <groups>
    </groups>
    <test name="Default test" duration-ms="1563" started-at="2021-07-03T18:10:17Z" finished-at="2021-07-03T18:10:19Z">
      <class name="testCasesForPostman.Deleting_A_Product">
        <test-method status="PASS" signature="delete_a_product()[pri:0, instance:testCasesForPostman.Deleting_A_Product@d4342c2]" name="delete_a_product" duration-ms="1542" started-at="2021-07-03T18:10:17Z" finished-at="2021-07-03T18:10:19Z">
          <reporter-output>
          </reporter-output>
        </test-method> <!-- delete_a_product -->
      </class> <!-- testCasesForPostman.Deleting_A_Product -->
    </test> <!-- Default test -->
  </suite> <!-- Default suite -->
</testng-results>
